<?xml version="1.0" encoding="UTF-8" ?>
<testsuite failures="0" time="6.61" errors="0" skipped="0" tests="16" name="jp.co.gmod.manage.service.TableInfoServiceTest">
  <properties>
[...]
</properties>
  <testcase time="0.594" classname="jp.co.gmod.manage.service.TableInfoServiceTest" name="testGetContentsTx"/>
  <testcase time="0.266" classname="jp.co.gmod.manage.service.TableInfoServiceTest" name="testGetContentsByIdListTx"/>
  <testcase time="0.359" classname="jp.co.gmod.manage.service.TableInfoServiceTest" name="testGetTableInfoTx"/>
  <testcase time="0.719" classname="jp.co.gmod.manage.service.TableInfoServiceTest" name="testGetTableDataAllTx"/>
  <testcase time="0.297" classname="jp.co.gmod.manage.service.TableInfoServiceTest" name="testGetTableDataByIdListTx"/>
  <testcase time="0.328" classname="jp.co.gmod.manage.service.TableInfoServiceTest" name="testGetTableDataByIdTx"/>
  <testcase time="0.328" classname="jp.co.gmod.manage.service.TableInfoServiceTest" name="testGetTableDataTx"/>
  <testcase time="0.5" classname="jp.co.gmod.manage.service.TableInfoServiceTest" name="testGetTableDataListTx"/>
  <testcase time="0.297" classname="jp.co.gmod.manage.service.TableInfoServiceTest" name="testGetTableDataList2Tx"/>
  <testcase time="0.312" classname="jp.co.gmod.manage.service.TableInfoServiceTest" name="testGetTableDataListByIndexSearchTx"/>
  <testcase time="0.656" classname="jp.co.gmod.manage.service.TableInfoServiceTest" name="testPublishDataTx"/>
  <testcase time="0.438" classname="jp.co.gmod.manage.service.TableInfoServiceTest" name="testPublishData2Tx"/>
  <testcase time="0.406" classname="jp.co.gmod.manage.service.TableInfoServiceTest" name="testDeleteTableTx"/>
  <testcase time="0.391" classname="jp.co.gmod.manage.service.TableInfoServiceTest" name="testInsertTableTx"/>
  <testcase time="0.328" classname="jp.co.gmod.manage.service.TableInfoServiceTest" name="testUpdateTableTx"/>
  <testcase time="0.391" classname="jp.co.gmod.manage.service.TableInfoServiceTest" name="testImportCsvDataTx"/>
</testsuite>